2020-09-21 21:18:56,823 INFO BookstoreMain [main] Старт программы
2020-09-21 21:18:56,847 INFO BookstoreMain [main] Инициализация контекста
2020-09-21 21:18:57,792 INFO BookstoreMain [main] Инициализация всех классов группы "org.bookstore"
2020-09-21 21:18:57,794 INFO BookstoreMain [main] Запуск меню
2020-09-21 21:20:52,685 INFO BookstoreMain [main] Старт программы
2020-09-21 21:20:52,713 INFO BookstoreMain [main] Инициализация контекста
2020-09-21 21:20:53,418 INFO BookstoreMain [main] Инициализация всех классов группы "org.bookstore"
2020-09-21 21:20:53,419 INFO BookstoreMain [main] Запуск меню
2020-09-21 21:21:12,079 INFO BookstoreMain [main] Старт программы
2020-09-21 21:21:12,087 INFO BookstoreMain [main] Инициализация контекста
2020-09-21 21:21:12,909 INFO BookstoreMain [main] Инициализация всех классов группы "org.bookstore"
2020-09-21 21:21:12,911 INFO BookstoreMain [main] Запуск меню
2020-09-21 21:21:29,119 INFO o.h.Version [main] HHH000412: Hibernate ORM core version 5.4.21.Final
2020-09-21 21:21:29,872 INFO o.h.a.c.Version [main] HCANN000001: Hibernate Commons Annotations {5.1.0.Final}
2020-09-21 21:21:30,186 WARN o.h.o.c.pooling [main] HHH10001002: Using Hibernate built-in connection pool (not for production use!)
2020-09-21 21:21:30,193 INFO o.h.o.c.pooling [main] HHH10001005: using driver [com.mysql.cj.jdbc.Driver] at URL [jdbc:mysql://127.0.0.1:3306/bookstore?serverTimezone=UTC]
2020-09-21 21:21:30,194 INFO o.h.o.c.pooling [main] HHH10001001: Connection properties: {password=****, user=root}
2020-09-21 21:21:30,194 INFO o.h.o.c.pooling [main] HHH10001003: Autocommit mode: false
2020-09-21 21:21:30,199 INFO o.h.e.j.c.i.DriverManagerConnectionProviderImpl [main] HHH000115: Hibernate connection pool size: 1 (min=1)
2020-09-21 21:21:30,785 INFO o.h.d.Dialect [main] HHH000400: Using dialect: org.hibernate.dialect.MySQLDialect
2020-09-21 21:21:32,058 INFO o.h.e.t.j.p.i.JtaPlatformInitiator [main] HHH000490: Using JtaPlatform implementation: [org.hibernate.engine.transaction.jta.platform.internal.NoJtaPlatform]
